<?xml version="1.0" encoding="UTF-8"?>
<testsuite name="TestTheImageClass" tests="1" skipped="0" failures="0" errors="0" timestamp="2019-12-15T15:23:28" hostname="Marks" time="0.013">
  <properties/>
  <testcase name="givenAnImage_CheckTheLowestCountOfZerosInALayer" classname="TestTheImageClass" time="0.013"/>
  <system-out><![CDATA[stopwatch is :3.554 ms
The Answer is 1905
]]></system-out>
  <system-err><![CDATA[]]></system-err>
</testsuite>
